[2021-01-20 17:17:25,075][MainThread:4590104064][task_id:django.utils.autoreload][autoreload.py:597][INFO][Watching for file changes with StatReloader]
[2021-01-20 17:18:14,312][MainThread:4590104064][task_id:django.utils.autoreload][autoreload.py:217][INFO][/Users/yanglidong/Desktop/Work/Django/api_back/api_back/settings.py changed, reloading.]
[2021-01-20 17:18:15,003][MainThread:4403047936][task_id:django.utils.autoreload][autoreload.py:597][INFO][Watching for file changes with StatReloader]
[2021-01-20 17:18:46,744][Thread-1:123145320308736][task_id:django.server][basehttp.py:154][INFO]["GET /system/menu/user2/1 HTTP/1.1" 200 2819]
[2021-01-20 17:19:11,932][Thread-1:123145320308736][task_id:django.server][basehttp.py:154][INFO]["GET /system/menu/user2/1 HTTP/1.1" 200 2819]
[2021-01-20 17:19:18,784][Thread-1:123145320308736][task_id:django.server][basehttp.py:154][INFO]["GET /system/menu/user2/1 HTTP/1.1" 200 2819]
[2021-01-20 17:19:44,734][MainThread:4403047936][task_id:django.utils.autoreload][autoreload.py:217][INFO][/Users/yanglidong/Desktop/Work/Django/api_back/api_back/settings.py changed, reloading.]
[2021-01-20 17:19:45,601][MainThread:4355120640][task_id:django.utils.autoreload][autoreload.py:597][INFO][Watching for file changes with StatReloader]
[2021-01-20 17:19:49,294][Thread-1:123145497591808][task_id:django.server][basehttp.py:154][INFO]["GET /system/menu/user2/1 HTTP/1.1" 200 2819]
[2021-01-20 17:20:02,782][Thread-1:123145497591808][task_id:django.server][basehttp.py:154][INFO]["GET /system/menu/user2/1 HTTP/1.1" 200 2819]
[2021-01-20 17:20:07,360][Thread-1:123145497591808][task_id:django.server][basehttp.py:154][INFO]["GET /assets/item/asset/list/4 HTTP/1.1" 200 488]
[2021-01-20 17:20:10,353][Thread-1:123145497591808][task_id:django.server][basehttp.py:154][INFO]["GET /system/menu/user2/1 HTTP/1.1" 200 2819]
[2021-01-20 17:20:26,554][Thread-1:123145497591808][task_id:django.request][log.py:228][WARNING][Method Not Allowed: /assets/domain/search/]
[2021-01-20 17:20:26,556][Thread-1:123145497591808][task_id:django.server][basehttp.py:154][WARNING]["GET /assets/domain/search/ HTTP/1.1" 405 45]
[2021-01-20 17:20:30,077][Thread-1:123145497591808][task_id:django.server][basehttp.py:154][INFO]["POST /user/login/ HTTP/1.1" 200 738]
[2021-01-20 17:20:33,181][Thread-1:123145497591808][task_id:django.server][basehttp.py:154][INFO]["POST /user/login/ HTTP/1.1" 200 738]
[2021-01-20 17:20:34,835][Thread-1:123145497591808][task_id:django.server][basehttp.py:154][INFO]["POST /user/login/ HTTP/1.1" 200 738]
[2021-01-20 17:20:37,142][Thread-1:123145497591808][task_id:django.server][basehttp.py:154][INFO]["POST /user/login/ HTTP/1.1" 200 738]
[2021-01-20 17:20:38,158][Thread-1:123145497591808][task_id:django.server][basehttp.py:154][INFO]["POST /user/login/ HTTP/1.1" 200 738]
[2021-01-20 17:20:41,438][Thread-1:123145497591808][task_id:django.server][basehttp.py:154][INFO]["GET /system/menu/user2/1 HTTP/1.1" 200 2819]
[2021-01-20 17:20:43,235][Thread-1:123145497591808][task_id:django.server][basehttp.py:154][INFO]["GET /system/menu/user2/1 HTTP/1.1" 200 2819]
[2021-01-20 17:20:45,198][Thread-1:123145497591808][task_id:django.server][basehttp.py:154][INFO]["GET /system/menu/user2/1 HTTP/1.1" 200 2819]
[2021-01-20 17:20:46,902][Thread-1:123145497591808][task_id:django.server][basehttp.py:154][INFO]["GET /system/menu/user2/1 HTTP/1.1" 200 2819]
[2021-01-20 17:20:49,903][Thread-1:123145497591808][task_id:django.server][basehttp.py:154][INFO]["GET /system/menu/user2/1 HTTP/1.1" 200 2819]
[2021-01-20 17:20:58,201][Thread-1:123145497591808][task_id:django.server][basehttp.py:154][INFO]["POST /user/login/ HTTP/1.1" 200 738]
[2021-01-20 17:21:01,152][Thread-1:123145497591808][task_id:django.server][basehttp.py:154][INFO]["GET /system/menu/user2/1 HTTP/1.1" 200 2819]
[2021-01-20 17:21:42,610][MainThread:4355120640][task_id:django.utils.autoreload][autoreload.py:217][INFO][/Users/yanglidong/Desktop/Work/Django/api_back/assets/views.py changed, reloading.]
[2021-01-20 17:21:43,337][MainThread:4651601408][task_id:django.utils.autoreload][autoreload.py:597][INFO][Watching for file changes with StatReloader]
[2021-01-20 17:21:46,680][Thread-1:123145550524416][task_id:django.server][basehttp.py:154][INFO]["GET /system/menu/user/1 HTTP/1.1" 200 4146]
[2021-01-20 17:21:48,927][Thread-1:123145550524416][task_id:django.server][basehttp.py:154][INFO]["GET /system/menu/user/1 HTTP/1.1" 200 4146]
[2021-01-20 17:21:49,987][Thread-1:123145550524416][task_id:django.server][basehttp.py:154][INFO]["GET /system/menu/user/1 HTTP/1.1" 200 4146]
[2021-01-20 17:21:55,332][Thread-1:123145550524416][task_id:django.server][basehttp.py:154][INFO]["GET /system/menu/user2/1 HTTP/1.1" 200 2819]
[2021-01-20 17:22:50,827][MainThread:4651601408][task_id:django.utils.autoreload][autoreload.py:217][INFO][/Users/yanglidong/Desktop/Work/Django/api_back/system/views.py changed, reloading.]
[2021-01-20 17:22:52,796][MainThread:4517953024][task_id:django.utils.autoreload][autoreload.py:597][INFO][Watching for file changes with StatReloader]
[2021-01-20 17:22:57,115][Thread-1:123145485688832][task_id:django.server][basehttp.py:154][INFO]["GET /system/menu/user2/1 HTTP/1.1" 200 2819]
[2021-01-20 17:22:59,174][Thread-1:123145485688832][task_id:django.server][basehttp.py:154][INFO]["GET /system/menu/user2/1 HTTP/1.1" 200 2819]
[2021-01-20 17:23:01,933][Thread-1:123145485688832][task_id:django.server][basehttp.py:154][INFO]["GET /system/menu/user2/1 HTTP/1.1" 200 2819]
[2021-01-20 17:23:22,538][MainThread:4517953024][task_id:django.utils.autoreload][autoreload.py:217][INFO][/Users/yanglidong/Desktop/Work/Django/api_back/api_back/settings.py changed, reloading.]
[2021-01-20 17:23:32,601][MainThread:4536942080][task_id:django.utils.autoreload][autoreload.py:597][INFO][Watching for file changes with StatReloader]
[2021-01-20 17:23:34,828][Thread-1:123145372684288][task_id:django.server][basehttp.py:154][INFO]["GET /system/menu/user2/1 HTTP/1.1" 200 2819]
[2021-01-21 08:47:31,069][Thread-1:123145372684288][task_id:django.server][basehttp.py:154][INFO]["GET /system/menu/user2/1 HTTP/1.1" 200 2819]
[2021-01-21 08:47:37,297][Thread-1:123145372684288][task_id:django.server][basehttp.py:154][INFO]["GET /system/menu/user/1 HTTP/1.1" 200 4146]
[2021-01-21 08:47:40,539][Thread-1:123145372684288][task_id:django.server][basehttp.py:154][INFO]["GET /system/menu/user/1 HTTP/1.1" 200 4146]
[2021-01-21 08:47:41,772][Thread-1:123145372684288][task_id:django.server][basehttp.py:154][INFO]["GET /system/menu/user/1 HTTP/1.1" 200 4146]
[2021-01-21 08:47:47,996][Thread-1:123145372684288][task_id:django.request][log.py:228][WARNING][Not Found: /system/menu/user1/1]
[2021-01-21 08:47:47,996][Thread-1:123145372684288][task_id:django.server][basehttp.py:154][WARNING]["GET /system/menu/user1/1 HTTP/1.1" 404 5630]
[2021-01-21 08:48:35,595][Thread-1:123145372684288][task_id:django.server][basehttp.py:154][INFO]["GET /system/menu/user2/1 HTTP/1.1" 200 2819]
[2021-01-21 08:50:10,511][MainThread:4536942080][task_id:django.utils.autoreload][autoreload.py:217][INFO][/Users/yanglidong/Desktop/Work/Django/api_back/system/views.py changed, reloading.]
[2021-01-21 08:50:12,291][MainThread:4578250240][task_id:django.utils.autoreload][autoreload.py:597][INFO][Watching for file changes with StatReloader]
[2021-01-21 08:51:16,144][MainThread:4578250240][task_id:django.utils.autoreload][autoreload.py:217][INFO][/Users/yanglidong/Desktop/Work/Django/api_back/system/views.py changed, reloading.]
[2021-01-21 08:51:16,775][MainThread:4529491456][task_id:django.utils.autoreload][autoreload.py:597][INFO][Watching for file changes with StatReloader]
[2021-01-21 08:52:48,437][MainThread:4529491456][task_id:django.utils.autoreload][autoreload.py:217][INFO][/Users/yanglidong/Desktop/Work/Django/api_back/system/views.py changed, reloading.]
[2021-01-21 08:52:48,935][MainThread:4738403840][task_id:django.utils.autoreload][autoreload.py:597][INFO][Watching for file changes with StatReloader]
[2021-01-21 08:55:04,602][MainThread:4738403840][task_id:django.utils.autoreload][autoreload.py:217][INFO][/Users/yanglidong/Desktop/Work/Django/api_back/system/views.py changed, reloading.]
[2021-01-21 08:55:05,144][MainThread:4508245504][task_id:django.utils.autoreload][autoreload.py:597][INFO][Watching for file changes with StatReloader]
[2021-01-21 08:58:07,006][MainThread:4508245504][task_id:django.utils.autoreload][autoreload.py:217][INFO][/Users/yanglidong/Desktop/Work/Django/api_back/system/views.py changed, reloading.]
[2021-01-21 08:58:08,325][MainThread:4537286144][task_id:django.utils.autoreload][autoreload.py:597][INFO][Watching for file changes with StatReloader]
[2021-01-21 08:59:11,128][MainThread:4537286144][task_id:django.utils.autoreload][autoreload.py:217][INFO][/Users/yanglidong/Desktop/Work/Django/api_back/system/views.py changed, reloading.]
[2021-01-21 08:59:11,727][MainThread:4366892544][task_id:django.utils.autoreload][autoreload.py:597][INFO][Watching for file changes with StatReloader]
[2021-01-21 09:00:34,094][MainThread:4366892544][task_id:django.utils.autoreload][autoreload.py:217][INFO][/Users/yanglidong/Desktop/Work/Django/api_back/assets/views.py changed, reloading.]
[2021-01-21 09:00:34,820][MainThread:4360740352][task_id:django.utils.autoreload][autoreload.py:597][INFO][Watching for file changes with StatReloader]
[2021-01-21 09:03:51,768][MainThread:4360740352][task_id:django.utils.autoreload][autoreload.py:217][INFO][/Users/yanglidong/Desktop/Work/Django/api_back/assets/views.py changed, reloading.]
[2021-01-21 09:03:54,001][MainThread:4483870208][task_id:django.utils.autoreload][autoreload.py:597][INFO][Watching for file changes with StatReloader]
[2021-01-21 09:05:41,857][MainThread:4483870208][task_id:django.utils.autoreload][autoreload.py:217][INFO][/Users/yanglidong/Desktop/Work/Django/api_back/assets/views.py changed, reloading.]
[2021-01-21 09:05:42,395][MainThread:4636954112][task_id:django.utils.autoreload][autoreload.py:597][INFO][Watching for file changes with StatReloader]
[2021-01-21 09:06:37,884][MainThread:4636954112][task_id:django.utils.autoreload][autoreload.py:217][INFO][/Users/yanglidong/Desktop/Work/Django/api_back/assets/views.py changed, reloading.]
[2021-01-21 09:06:38,353][MainThread:4461846016][task_id:django.utils.autoreload][autoreload.py:597][INFO][Watching for file changes with StatReloader]
[2021-01-21 09:07:33,933][MainThread:4461846016][task_id:django.utils.autoreload][autoreload.py:217][INFO][/Users/yanglidong/Desktop/Work/Django/api_back/assets/views.py changed, reloading.]
[2021-01-21 09:07:35,169][MainThread:4348681728][task_id:django.utils.autoreload][autoreload.py:597][INFO][Watching for file changes with StatReloader]
[2021-01-21 09:07:54,785][Thread-1:123145436770304][task_id:django.server][basehttp.py:154][INFO]["GET /system/menu/user2/1 HTTP/1.1" 200 2819]
